# JRE version: OpenJDK Runtime Environment (23.0.1+11) (build 23.0.1+11-39)
# Java VM: OpenJDK 64-Bit Server VM (23.0.1+11-39, mixed mode, sharing, tiered, compressed oops, compressed class ptrs, g1 gc, windows-amd64)
GC Precious Log:
 CardTable entry size: 512
 Card Set container configuration: InlinePtr #cards 4 size 8 Array Of Cards #cards 16 size 48 Howl #buckets 8 coarsen threshold 3686 Howl Bitmap #cards 512 size 80 coarsen threshold 460 Card regions per heap region 1 cards per card region 4096
 CPUs: 8 total, 8 available
 Memory: 16245M
 Large Page Support: Disabled
 NUMA Support: Disabled
 Compressed Oops: Enabled (Zero based)
 Heap Region Size: 2M
 Heap Min Capacity: 8M
 Heap Initial Capacity: 254M
 Heap Max Capacity: 4062M
 Pre-touch: Disabled
 Parallel Workers: 8
 Concurrent Workers: 2
 Concurrent Refinement Workers: 8
 Periodic GC: Disabled
Heap:
 garbage-first heap   total reserved 4159488K, committed 157696K, used 84091K [0x0000000702200000, 0x0000000800000000)
  region size 2048K, 28 young (57344K), 1 survivors (2048K)
 Metaspace       used 71769K, committed 72512K, reserved 1114112K
  class space    used 9859K, committed 10176K, reserved 1048576K
GC Heap History (20 events):
Event: 3.671 GC heap before
{Heap before GC invocations=6 (full 0):
 garbage-first heap   total reserved 4159488K, committed 55296K, used 42307K [0x0000000702200000, 0x0000000800000000)
  region size 2048K, 14 young (28672K), 2 survivors (4096K)
 Metaspace       used 31283K, committed 31808K, reserved 1114112K
  class space    used 4045K, committed 4288K, reserved 1048576K
}
Event: 3.676 GC heap after
{Heap after GC invocations=7 (full 0):
 garbage-first heap   total reserved 4159488K, committed 55296K, used 19551K [0x0000000702200000, 0x0000000800000000)
  region size 2048K, 2 young (4096K), 2 survivors (4096K)
 Metaspace       used 31283K, committed 31808K, reserved 1114112K
  class space    used 4045K, committed 4288K, reserved 1048576K
}
Event: 4.175 GC heap before
{Heap before GC invocations=7 (full 0):
 garbage-first heap   total reserved 4159488K, committed 55296K, used 37983K [0x0000000702200000, 0x0000000800000000)
  region size 2048K, 12 young (24576K), 2 survivors (4096K)
 Metaspace       used 35448K, committed 35968K, reserved 1114112K
  class space    used 4638K, committed 4864K, reserved 1048576K
}
Event: 4.181 GC heap after
{Heap after GC invocations=8 (full 0):
 garbage-first heap   total reserved 4159488K, committed 55296K, used 21445K [0x0000000702200000, 0x0000000800000000)
  region size 2048K, 1 young (2048K), 1 survivors (2048K)
 Metaspace       used 35448K, committed 35968K, reserved 1114112K
  class space    used 4638K, committed 4864K, reserved 1048576K
}
Event: 4.737 GC heap before
{Heap before GC invocations=9 (full 0):
 garbage-first heap   total reserved 4159488K, committed 55296K, used 43973K [0x0000000702200000, 0x0000000800000000)
  region size 2048K, 12 young (24576K), 1 survivors (2048K)
 Metaspace       used 41344K, committed 41920K, reserved 1114112K
  class space    used 5533K, committed 5760K, reserved 1048576K
}
Event: 4.739 GC heap after
{Heap after GC invocations=10 (full 0):
 garbage-first heap   total reserved 4159488K, committed 55296K, used 22798K [0x0000000702200000, 0x0000000800000000)
  region size 2048K, 2 young (4096K), 2 survivors (4096K)
 Metaspace       used 41344K, committed 41920K, reserved 1114112K
  class space    used 5533K, committed 5760K, reserved 1048576K
}
Event: 5.543 GC heap before
{Heap before GC invocations=10 (full 0):
 garbage-first heap   total reserved 4159488K, committed 55296K, used 45326K [0x0000000702200000, 0x0000000800000000)
  region size 2048K, 13 young (26624K), 2 survivors (4096K)
 Metaspace       used 49994K, committed 50496K, reserved 1114112K
  class space    used 6656K, committed 6848K, reserved 1048576K
}
Event: 5.548 GC heap after
{Heap after GC invocations=11 (full 0):
 garbage-first heap   total reserved 4159488K, committed 55296K, used 24963K [0x0000000702200000, 0x0000000800000000)
  region size 2048K, 2 young (4096K), 2 survivors (4096K)
 Metaspace       used 49994K, committed 50496K, reserved 1114112K
  class space    used 6656K, committed 6848K, reserved 1048576K
}
Event: 5.946 GC heap before
{Heap before GC invocations=11 (full 0):
 garbage-first heap   total reserved 4159488K, committed 55296K, used 45443K [0x0000000702200000, 0x0000000800000000)
  region size 2048K, 12 young (24576K), 2 survivors (4096K)
 Metaspace       used 56077K, committed 56704K, reserved 1114112K
  class space    used 7545K, committed 7808K, reserved 1048576K
}
Event: 5.950 GC heap after
{Heap after GC invocations=12 (full 0):
 garbage-first heap   total reserved 4159488K, committed 55296K, used 26514K [0x0000000702200000, 0x0000000800000000)
  region size 2048K, 1 young (2048K), 1 survivors (2048K)
 Metaspace       used 56077K, committed 56704K, reserved 1114112K
  class space    used 7545K, committed 7808K, reserved 1048576K
}
Event: 6.300 GC heap before
{Heap before GC invocations=12 (full 0):
 garbage-first heap   total reserved 4159488K, committed 55296K, used 44946K [0x0000000702200000, 0x0000000800000000)
  region size 2048K, 11 young (22528K), 1 survivors (2048K)
 Metaspace       used 58953K, committed 59584K, reserved 1114112K
  class space    used 8016K, committed 8320K, reserved 1048576K
}
Event: 6.303 GC heap after
{Heap after GC invocations=13 (full 0):
 garbage-first heap   total reserved 4159488K, committed 55296K, used 26880K [0x0000000702200000, 0x0000000800000000)
  region size 2048K, 1 young (2048K), 1 survivors (2048K)
 Metaspace       used 58953K, committed 59584K, reserved 1114112K
  class space    used 8016K, committed 8320K, reserved 1048576K
}
Event: 6.762 GC heap before
{Heap before GC invocations=14 (full 0):
 garbage-first heap   total reserved 4159488K, committed 55296K, used 47360K [0x0000000702200000, 0x0000000800000000)
  region size 2048K, 11 young (22528K), 1 survivors (2048K)
 Metaspace       used 62715K, committed 63424K, reserved 1114112K
  class space    used 8590K, committed 8896K, reserved 1048576K
}
Event: 6.766 GC heap after
{Heap after GC invocations=15 (full 0):
 garbage-first heap   total reserved 4159488K, committed 55296K, used 28360K [0x0000000702200000, 0x0000000800000000)
  region size 2048K, 2 young (4096K), 2 survivors (4096K)
 Metaspace       used 62715K, committed 63424K, reserved 1114112K
  class space    used 8590K, committed 8896K, reserved 1048576K
}
Event: 7.208 GC heap before
{Heap before GC invocations=15 (full 0):
 garbage-first heap   total reserved 4159488K, committed 55296K, used 44744K [0x0000000702200000, 0x0000000800000000)
  region size 2048K, 10 young (20480K), 2 survivors (4096K)
 Metaspace       used 65546K, committed 66240K, reserved 1114112K
  class space    used 8973K, committed 9280K, reserved 1048576K
}
Event: 7.213 GC heap after
{Heap after GC invocations=16 (full 0):
 garbage-first heap   total reserved 4159488K, committed 55296K, used 29385K [0x0000000702200000, 0x0000000800000000)
  region size 2048K, 2 young (4096K), 2 survivors (4096K)
 Metaspace       used 65546K, committed 66240K, reserved 1114112K
  class space    used 8973K, committed 9280K, reserved 1048576K
}
Event: 7.431 GC heap before
{Heap before GC invocations=16 (full 0):
 garbage-first heap   total reserved 4159488K, committed 55296K, used 45769K [0x0000000702200000, 0x0000000800000000)
  region size 2048K, 10 young (20480K), 2 survivors (4096K)
 Metaspace       used 66195K, committed 66880K, reserved 1114112K
  class space    used 9045K, committed 9344K, reserved 1048576K
}
Event: 7.436 GC heap after
{Heap after GC invocations=17 (full 0):
 garbage-first heap   total reserved 4159488K, committed 55296K, used 30189K [0x0000000702200000, 0x0000000800000000)
  region size 2048K, 2 young (4096K), 2 survivors (4096K)
 Metaspace       used 66195K, committed 66880K, reserved 1114112K
  class space    used 9045K, committed 9344K, reserved 1048576K
}
Event: 7.686 GC heap before
{Heap before GC invocations=18 (full 0):
 garbage-first heap   total reserved 4159488K, committed 55296K, used 44525K [0x0000000702200000, 0x0000000800000000)
  region size 2048K, 9 young (18432K), 2 survivors (4096K)
 Metaspace       used 67350K, committed 68032K, reserved 1114112K
  class space    used 9235K, committed 9536K, reserved 1048576K
}
Event: 7.689 GC heap after
{Heap after GC invocations=19 (full 0):
 garbage-first heap   total reserved 4159488K, committed 157696K, used 30843K [0x0000000702200000, 0x0000000800000000)
  region size 2048K, 1 young (2048K), 1 survivors (2048K)
 Metaspace       used 67350K, committed 68032K, reserved 1114112K
  class space    used 9235K, committed 9536K, reserved 1048576K
}

